<?xml version="1.0" encoding="UTF-8"?>
<!-- Generated by org.testng.reporters.JUnitXMLReporter -->
<testsuite ignored="2" hostname="Manjusha" failures="1" tests="4" name="Test" time="26.419" errors="0" timestamp="2024-11-16T18:40:38 IST">
  <testcase classname="com.amazon.testCases.RegionUpdateTests" name="goToWebsite" time="1.036"/>
  <testcase classname="com.amazon.testCases.RegionUpdateTests" name="verifyGoToWebsite" time="0.824"/>
  <testcase classname="com.amazon.testCases.AmazonPageVerifyTests" name="navigateToRegionUpdatePageAndVerify" time="5.675"/>
  <testcase classname="com.amazon.testCases.AmazonPageVerifyTests" name="verifyLogo" time="0.18">
    <failure type="java.lang.AssertionError" message="expected [true] but found [false]">
      <![CDATA[java.lang.AssertionError: expected [true] but found [false]
at com.amazon.testCases.AmazonPageVerifyTests.verifyLogo(AmazonPageVerifyTests.java:34)
at java.base/java.util.ArrayList.forEach(ArrayList.java:1596)
... Removed 29 stack frames]]>
    </failure>
  </testcase> <!-- verifyLogo -->
  <testcase classname="com.amazon.base.BaseClass" name="@BeforeSuite beforeSuite" time="0.0">
    <ignored/>
  </testcase> <!-- @BeforeSuite beforeSuite -->
  <testcase classname="com.amazon.base.BaseClass" name="@AfterSuite afterSuite" time="0.0">
    <ignored/>
  </testcase> <!-- @AfterSuite afterSuite -->
</testsuite> <!-- Test -->
